\BOOKMARK [0][-]{chapter.1}{\376\377\000\332\000v\000o\000d}{}% 1
\BOOKMARK [1][-]{section.1.1}{\376\377\000C\000\355\000l\000e\000\040\000d\000i\000z\000e\000r\000t\000a\001\015\000n\000\355\000\040\000p\000r\000\341\000c\000e}{chapter.1}% 2
\BOOKMARK [0][-]{chapter.2}{\376\377\001\014\000\355\000s\000l\000i\000c\000o\000v\000\351\000\040\000a\000d\000a\000p\000t\000i\000v\000n\000\355\000\040\000f\000i\000l\000t\000r\000y\000\040\000a\000\040\000a\000l\000g\000o\000r\000i\000t\000m\000y}{}% 3
\BOOKMARK [1][-]{section.2.1}{\376\377\000A\000d\000a\000p\000t\000i\000v\000n\000\355\000\040\000f\000i\000l\000t\000r\000y}{chapter.2}% 4
\BOOKMARK [2][-]{subsection.2.1.1}{\376\377\000L\000i\000n\000e\000\341\000r\000n\000\355\000\040\000F\000I\000R\000\040\000f\000i\000l\000t\000r\000y}{section.2.1}% 5
\BOOKMARK [2][-]{subsection.2.1.2}{\376\377\000V\000o\000l\000t\000e\000r\000r\000o\000v\000y\000\040\000f\000i\000l\000t\000r\000y}{section.2.1}% 6
\BOOKMARK [2][-]{subsection.2.1.3}{\376\377\000P\000o\000l\000y\000n\000o\000m\000i\000\341\000l\000n\000\355\000\040\000n\000e\000u\000r\000o\000n\000o\000v\000\351\000\040\000j\000e\000d\000n\000o\000t\000k\000y}{section.2.1}% 7
\BOOKMARK [2][-]{subsection.2.1.4}{\376\377\000F\000u\000z\000z\000y\000\040\000f\000i\000l\000t\000r\000y}{section.2.1}% 8
\BOOKMARK [1][-]{section.2.2}{\376\377\000A\000d\000a\000p\000t\000i\000v\000n\000\355\000\040\000a\000l\000g\000o\000r\000i\000t\000m\000y}{chapter.2}% 9
\BOOKMARK [2][-]{subsection.2.2.1}{\376\377\000A\000l\000g\000o\000r\000i\000t\000m\000y\000\040\000L\000M\000S\000\040\000a\000\040\000N\000L\000M\000S}{section.2.2}% 10
\BOOKMARK [2][-]{subsection.2.2.2}{\376\377\000A\000l\000g\000o\000r\000i\000t\000m\000u\000s\000\040\000R\000L\000S}{section.2.2}% 11
\BOOKMARK [2][-]{subsection.2.2.3}{\376\377\000A\000l\000g\000o\000r\000i\000t\000m\000u\000s\000\040\000G\000e\000n\000e\000r\000a\000l\000i\000z\000e\000d\000\040\000N\000o\000r\000m\000a\000l\000i\000z\000e\000d\000\040\000G\000r\000a\000d\000i\000e\000n\000t\000\040\000D\000e\000s\000c\000e\000n\000t}{section.2.2}% 12
\BOOKMARK [2][-]{subsection.2.2.4}{\376\377\000G\000r\000a\000d\000i\000e\000n\000t\000\040\000d\000e\000s\000c\000e\000n\000t\000\040\000p\000r\000o\000\040\000f\000u\000z\000z\000y\000\040\000f\000i\000l\000t\000r\000y}{section.2.2}% 13
\BOOKMARK [0][-]{chapter.3}{\376\377\000P\001\131\000e\000h\000l\000e\000d\000\040\000m\000e\000t\000o\000d\000\040\000d\000e\000t\000e\000k\000c\000e\000\040\000n\000o\000v\000o\000s\000t\000i}{}% 14
\BOOKMARK [1][-]{section.3.1}{\376\377\000V\000y\000b\000r\000a\000n\000\351\000\040\000s\000t\000a\000t\000i\000s\000t\000i\000c\000k\000\351\000\040\000m\000e\000t\000o\000d\000y}{chapter.3}% 15
\BOOKMARK [2][-]{subsection.3.1.1}{\376\377\000M\000e\000t\000o\000d\000y\000\040\000v\000y\000u\001\176\000\355\000v\000a\000j\000\355\000c\000\355\000\040\000G\000a\000u\000s\000s\000o\000v\000y\000\040\000s\000m\000\355\001\141\000e\000n\000\355\000\040\000m\000o\000d\000e\000l\000y}{section.3.1}% 16
\BOOKMARK [2][-]{subsection.3.1.2}{\376\377\000M\000e\000t\000o\000d\000y\000\040\000z\000a\000l\000o\001\176\000e\000n\000\351\000\040\000n\000a\000\040\000t\000e\000o\000r\000i\000i\000\040\000e\000x\000t\000r\000\351\000m\000n\000\355\000c\000h\000\040\000h\000o\000d\000n\000o\000t}{section.3.1}% 17
\BOOKMARK [2][-]{subsection.3.1.3}{\376\377\000M\000a\000r\000k\000o\000v\000o\000v\000y\000\040\000s\000k\000r\000y\000t\000\351\000\040\000m\000o\000d\000e\000l\000y}{section.3.1}% 18
\BOOKMARK [1][-]{section.3.2}{\376\377\000V\000y\000b\000r\000a\000n\000\351\000\040\000m\000e\000t\000o\000d\000y\000\040\000v\000y\000u\001\176\000\355\000v\000a\000j\000\355\000c\000\355\000\040\000s\000t\000r\000o\000j\000o\000v\000\351\000\040\000u\001\015\000e\000n\000\355\000\040\000a\000\040\000n\000e\000u\000r\000o\000n\000o\000v\000\351\000\040\000s\000\355\000t\001\033}{chapter.3}% 19
\BOOKMARK [2][-]{subsection.3.2.1}{\376\377\000M\000e\000t\000o\000d\000a\000\040\000p\000o\000d\000p\001\157\000r\000n\000\375\000c\000h\000\040\000v\000e\000k\000t\000o\000r\001\157}{section.3.2}% 20
\BOOKMARK [2][-]{subsection.3.2.2}{\376\377\000S\000a\000m\000o\000o\000g\000r\000a\000n\000i\000z\000a\001\015\000n\000\355\000\040\000m\000a\000p\000y}{section.3.2}% 21
\BOOKMARK [2][-]{subsection.3.2.3}{\376\377\000K\000o\000n\000v\000o\000l\000u\001\015\000n\000\355\000\040\000n\000e\000u\000r\000o\000n\000o\000v\000\351\000\040\000s\000\355\000t\001\033}{section.3.2}% 22
\BOOKMARK [2][-]{subsection.3.2.4}{\376\377\000A\000u\000t\000o\000e\000n\000k\000o\000d\000\351\000r\000y}{section.3.2}% 23
\BOOKMARK [1][-]{section.3.3}{\376\377\000D\000a\000l\001\141\000\355\000\040\000v\000y\000b\000r\000a\000n\000\351\000\040\000m\000e\000t\000o\000d\000y\000\040\000v\000y\000u\001\176\000\355\000v\000a\000j\000\355\000c\000\355\000\040\000a\000d\000a\000p\000t\000i\000v\000n\000\355\000\040\000f\000i\000l\000t\000r\000y}{chapter.3}% 24
\BOOKMARK [2][-]{subsection.3.3.1}{\376\377\000M\000e\000t\000o\000d\000a\000\040\000s\000e\000t\000-\000m\000e\000m\000b\000e\000r\000s\000h\000i\000p}{section.3.3}% 25
\BOOKMARK [2][-]{subsection.3.3.2}{\376\377\000A\000l\000g\000o\000r\000i\000t\000m\000u\000s\000\040\000L\000e\000a\000r\000n\000i\000n\000g\000\040\000E\000n\000t\000r\000o\000p\000y}{section.3.3}% 26
\BOOKMARK [2][-]{subsection.3.3.3}{\376\377\000A\000l\000g\000o\000r\000i\000t\000m\000u\000s\000\040\000E\000r\000r\000o\000r\000\040\000a\000n\000d\000\040\000L\000e\000a\000r\000n\000i\000n\000g\000\040\000B\000a\000s\000e\000d\000\040\000N\000o\000v\000e\000l\000t\000y\000\040\000D\000e\000t\000e\000c\000t\000i\000o\000n}{section.3.3}% 27
\BOOKMARK [0][-]{chapter.4}{\376\377\000Z\000o\000b\000e\000c\000n\001\033\000n\000\351\000\040\000P\000a\000r\000e\000t\000o\000v\000o\000\040\000r\000o\000z\000d\001\033\000l\000e\000n\000\355}{}% 28
\BOOKMARK [1][-]{section.4.1}{\376\377\000M\000e\000t\000o\000d\000a\000\040\000P\000e\000a\000k\000-\000o\000v\000e\000r\000-\000T\000h\000r\000e\000s\000h\000o\000l\000d}{chapter.4}% 29
\BOOKMARK [1][-]{section.4.2}{\376\377\000M\000e\000t\000o\000d\000y\000\040\000o\000d\000h\000a\000d\000u\000\040\000p\000a\000r\000a\000m\000e\000t\000r\001\157\000\040\000z\000o\000b\000e\000c\000n\001\033\000n\000\351\000h\000o\000\040\000P\000a\000r\000e\000t\000o\000v\000a\000\040\000r\000o\000z\000d\001\033\000l\000e\000n\000\355}{chapter.4}% 30
\BOOKMARK [2][-]{subsection.4.2.1}{\376\377\000M\000e\000t\000o\000d\000a\000\040\000m\000a\000x\000i\000m\000\341\000l\000n\000\355\000\040\000v\001\033\000r\000o\000h\000o\000d\000n\000o\000s\000t\000i}{section.4.2}% 31
\BOOKMARK [2][-]{subsection.4.2.2}{\376\377\000M\000e\000t\000o\000d\000a\000\040\000m\000o\000m\000e\000n\000t\001\157}{section.4.2}% 32
\BOOKMARK [2][-]{subsection.4.2.3}{\376\377\000K\000v\000a\000z\000i\000-\000M\000L\000\040\000m\000e\000t\000o\000d\000a}{section.4.2}% 33
\BOOKMARK [0][-]{chapter.5}{\376\377\000A\000l\000g\000o\000r\000i\000t\000m\000u\000s\000\040\000E\000x\000t\000r\000e\000m\000e\000\040\000S\000e\000e\000k\000i\000n\000g\000\040\000E\000n\000t\000r\000o\000p\000y}{}% 34
\BOOKMARK [0][-]{chapter.6}{\376\377\000V\000\375\000s\000l\000e\000d\000k\000y\000\040\000e\000x\000p\000e\000r\000i\000m\000e\000n\000t\001\157}{}% 35
\BOOKMARK [1][-]{section.6.1}{\376\377\000P\001\131\000\355\000p\000a\000d\000o\000v\000\351\000\040\000s\000t\000u\000d\000i\000e\000\040\000d\000e\000t\000e\000k\000c\000e\000\040\000n\000o\000v\000o\000s\000t\000i\000\040\000a\000l\000g\000o\000r\000i\000t\000m\000u\000\040\000E\000x\000t\000r\000e\000m\000e\000\040\000S\000e\000e\000k\000i\000n\000g\000\040\000E\000n\000t\000r\000o\000p\000y}{chapter.6}% 36
\BOOKMARK [2][-]{subsection.6.1.1}{\376\377\000P\001\131\000\355\000p\000a\000d\000o\000v\000\341\000\040\000s\000t\000u\000d\000i\000e\000:\000\040\000c\000h\000a\000o\000t\000i\000c\000k\000\341\000\040\001\015\000a\000s\000o\000v\000\341\000\040\001\131\000a\000d\000a\000\040\000M\000a\000c\000k\000e\000y\000-\000G\000l\000a\000s\000s\000\040\000a\000\040\000d\000e\000t\000e\000k\000c\000e\000\040\000p\000e\000r\000t\000u\000b\000a\000c\000e}{section.6.1}% 37
\BOOKMARK [2][-]{subsection.6.1.2}{\376\377\000P\001\131\000\355\000p\000a\000d\000o\000v\000\341\000\040\000s\000t\000u\000d\000i\000e\000:\000\040\000d\000e\000t\000e\000k\000c\000e\000\040\000z\000m\001\033\000n\000y\000\040\000r\000o\000z\000p\000t\000y\000l\000u\000\040\001\141\000u\000m\000u\000\040\000v\000\040\000n\000\341\000h\000o\000d\000n\000\351\000m\000\040\000d\000a\000t\000o\000v\000\351\000m\000\040\000t\000o\000k\000u}{section.6.1}% 38
\BOOKMARK [2][-]{subsection.6.1.3}{\376\377\000P\001\131\000\355\000p\000a\000d\000o\000v\000\341\000\040\000s\000t\000u\000d\000i\000e\000:\000\040\000d\000e\000t\000e\000k\000c\000e\000\040\000s\000k\000o\000k\000o\000v\000\351\000\040\000z\000m\001\033\000n\000y\000\040\000p\000a\000r\000a\000m\000e\000t\000r\001\157\000\040\000g\000e\000n\000e\000r\000\341\000t\000o\000r\000u\000\040\000s\000i\000g\000n\000\341\000l\000u}{section.6.1}% 39
\BOOKMARK [2][-]{subsection.6.1.4}{\376\377\000P\001\131\000\355\000p\000a\000d\000o\000v\000\341\000\040\000s\000t\000u\000d\000i\000e\000:\000\040\000d\000e\000t\000e\000k\000c\000e\000\040\000n\000\341\000h\000l\000\351\000\040\000a\000b\000s\000e\000n\000c\000e\000\040\001\141\000u\000m\000u}{section.6.1}% 40
\BOOKMARK [2][-]{subsection.6.1.5}{\376\377\000P\001\131\000\355\000p\000a\000d\000o\000v\000\341\000\040\000s\000t\000u\000d\000i\000e\000:\000\040\000d\000e\000t\000e\000k\000c\000e\000\040\000z\000m\001\033\000n\000y\000\040\000t\000r\000e\000n\000d\000u}{section.6.1}% 41
\BOOKMARK [2][-]{subsection.6.1.6}{\376\377\000P\001\131\000\355\000p\000a\000d\000o\000v\000\341\000\040\000s\000t\000u\000d\000i\000e\000:\000\040\000d\000e\000t\000e\000k\000c\000e\000\040\000e\000p\000i\000l\000e\000p\000s\000i\000e\000\040\000v\000\040\000m\000y\001\141\000\355\000m\000\040\000E\000E\000G}{section.6.1}% 42
\BOOKMARK [2][-]{subsection.6.1.7}{\376\377\000V\000y\000h\000o\000d\000n\000o\000c\000e\000n\000\355\000\040\000\372\000s\000p\001\033\001\141\000n\000o\000s\000t\000i\000\040\000d\000e\000t\000e\000k\000c\000e\000\040\000s\000k\000o\000k\000o\000v\000\351\000\040\000z\000m\001\033\000n\000y\000\040\000p\000a\000r\000a\000m\000e\000t\000r\001\157\000\040\000g\000e\000n\000e\000r\000\341\000t\000o\000r\000u\000\040\000s\000i\000g\000n\000\341\000l\000u}{section.6.1}% 43
\BOOKMARK [2][-]{subsection.6.1.8}{\376\377\000V\000y\000h\000o\000d\000n\000o\000c\000e\000n\000\355\000\040\000\372\000s\000p\001\033\001\141\000n\000o\000s\000t\000i\000\040\000d\000e\000t\000e\000k\000c\000e\000\040\000s\000k\000o\000k\000o\000v\000\351\000\040\000z\000m\001\033\000n\000y\000\040\000t\000r\000e\000n\000d\000u}{section.6.1}% 44
\BOOKMARK [1][-]{section.6.2}{\376\377\000V\000y\000h\000o\000d\000n\000o\000c\000e\000n\000\355\000\040\000\372\000s\000p\001\033\001\141\000n\000o\000s\000t\000i\000\040\000d\000e\000t\000e\000k\000c\000e\000\040\000z\000m\001\033\000n\000y\000\040\000t\000r\000e\000n\000d\000u\000\040\000a\000\040\000e\000v\000a\000l\000u\000a\000c\000e\000\040\000R\000O\000C\000\040\000k\001\131\000i\000v\000k\000y}{chapter.6}% 45
\BOOKMARK [2][-]{subsection.6.2.1}{\376\377\000P\000o\000p\000i\000s\000\040\000e\000x\000p\000e\000r\000i\000m\000e\000n\000t\000u}{section.6.2}% 46
\BOOKMARK [2][-]{subsection.6.2.2}{\376\377\000K\000o\000n\000s\000t\000r\000u\000k\000c\000e\000\040\000R\000O\000C\000\040\000k\001\131\000i\000v\000k\000y}{section.6.2}% 47
\BOOKMARK [2][-]{subsection.6.2.3}{\376\377\000V\000\375\000s\000l\000e\000d\000k\000y\000\040\000e\000x\000p\000e\000r\000i\000m\000e\000n\000t\000u}{section.6.2}% 48
\BOOKMARK [1][-]{section.6.3}{\376\377\000V\000y\000h\000o\000d\000n\000o\000c\000e\000n\000\355\000\040\000v\000\375\000p\000o\001\015\000e\000t\000n\000\355\000\040\000n\000\341\000r\000o\001\015\000n\000o\000s\000t\000i\000\040\000m\000e\000t\000o\000d\000\040\000o\000d\000h\000a\000d\000u\000\040\000p\000a\000r\000a\000m\000e\000t\000r\001\157\000\040\000z\000o\000b\000e\000c\000n\001\033\000n\000\351\000h\000o\000\040\000P\000a\000r\000e\000t\000o\000v\000a\000\040\000r\000o\000z\000d\001\033\000l\000e\000n\000\355}{chapter.6}% 49
\BOOKMARK [2][-]{subsection.6.3.1}{\376\377\000M\000o\000t\000i\000v\000a\000c\000e}{section.6.3}% 50
\BOOKMARK [2][-]{subsection.6.3.2}{\376\377\000S\000p\000e\000c\000i\000f\000i\000k\000a\000c\000e\000\040\000e\000x\000p\000e\000r\000i\000m\000e\000n\000t\000u}{section.6.3}% 51
\BOOKMARK [2][-]{subsection.6.3.3}{\376\377\000V\000\375\000s\000l\000e\000d\000k\000y\000\040\000a\000\040\000d\000i\000s\000k\000u\000z\000e}{section.6.3}% 52
\BOOKMARK [1][-]{section.6.4}{\376\377\000P\001\131\000\355\000p\000a\000d\000o\000v\000\341\000\040\000s\000t\000u\000d\000i\000e\000\040\000p\000o\000u\001\176\000i\000t\000\355\000\040\000a\000l\000g\000o\000r\000i\000t\000m\000u\000\040\000L\000e\000a\000r\000n\000i\000n\000g\000\040\000E\000n\000t\000r\000o\000p\000y\000\040\000a\000\040\000a\000d\000a\000p\000t\000i\000v\000n\000\355\000h\000o\000\040\000f\000u\000z\000z\000y\000\040\000f\000i\000l\000t\000r\000u\000\040\000p\000r\000o\000\040\000d\000e\000t\000e\000k\000c\000i\000\040\000z\000m\001\033\000n\000\040\000s\000t\000a\000v\001\157\000\040\000b\000i\000o\000p\000r\000o\000c\000e\000s\000u}{chapter.6}% 53
\BOOKMARK [2][-]{subsection.6.4.1}{\376\377\000P\000o\000p\000i\000s\000\040\000b\000i\000o\000p\000r\000o\000c\000e\000s\000u\000\040\000a\000\040\000s\000p\000e\000c\000i\000f\000i\000k\000a\000c\000e\000\040\000p\000r\000o\000b\000l\000\351\000m\000u}{section.6.4}% 54
\BOOKMARK [2][-]{subsection.6.4.2}{\376\377\000E\000x\000p\000e\000r\000i\000m\000e\000n\000t\000\040\000a\000\040\000z\000h\000o\000d\000n\000o\000c\000e\000n\000\355}{section.6.4}% 55
\BOOKMARK [0][-]{chapter.7}{\376\377\000Z\000\341\000v\001\033\000r}{}% 56
\BOOKMARK [1][-]{section.7.1}{\376\377\000M\000o\001\176\000n\000\351\000\040\000s\000m\001\033\000r\000y\000\040\000b\000u\000d\000o\000u\000c\000\355\000h\000o\000\040\000v\000\375\000z\000k\000u\000m\000u}{chapter.7}% 57
\BOOKMARK [0][-]{chapter*.45}{\376\377\000P\000u\000b\000l\000i\000k\000a\000c\000e\000\040\000a\000u\000t\000o\000r\000a}{}% 58
\BOOKMARK [0][-]{chapter*.46}{\376\377\000L\000i\000t\000e\000r\000a\000t\000u\000r\000a}{}% 59
\BOOKMARK [0][-]{chapter*.47}{\376\377\000P\001\131\000\355\000l\000o\000h\000a}{}% 60
